<?xml version="1.0" encoding="UTF-8"?>
<testsuites>
  <testsuite name="fastlane.lanes">
    
    
    
      
      <testcase classname="fastlane.lanes" name="0: default_platform" time="0.006664">
        
      </testcase>
    
      
      <testcase classname="fastlane.lanes" name="1: pod_lib_lint" time="70.593699">
        
          <failure message="/Users/npp/.rvm/gems/ruby-2.6.3/gems/fastlane-2.143.0/fastlane/lib/fastlane/actions/actions_helper.rb:48:in `execute_action'&#10;/Users/npp/.rvm/gems/ruby-2.6.3/gems/fastlane-2.143.0/fastlane/lib/fastlane/runner.rb:253:in `block in execute_action'&#10;/Users/npp/.rvm/gems/ruby-2.6.3/gems/fastlane-2.143.0/fastlane/lib/fastlane/runner.rb:227:in `chdir'&#10;/Users/npp/.rvm/gems/ruby-2.6.3/gems/fastlane-2.143.0/fastlane/lib/fastlane/runner.rb:227:in `execute_action'&#10;/Users/npp/.rvm/gems/ruby-2.6.3/gems/fastlane-2.143.0/fastlane/lib/fastlane/runner.rb:157:in `trigger_action_by_name'&#10;/Users/npp/.rvm/gems/ruby-2.6.3/gems/fastlane-2.143.0/fastlane/lib/fastlane/fast_file.rb:159:in `method_missing'&#10;Fastfile:39:in `block (2 levels) in parsing_binding'&#10;/Users/npp/.rvm/gems/ruby-2.6.3/gems/fastlane-2.143.0/fastlane/lib/fastlane/lane.rb:33:in `call'&#10;/Users/npp/.rvm/gems/ruby-2.6.3/gems/fastlane-2.143.0/fastlane/lib/fastlane/runner.rb:49:in `block in execute'&#10;/Users/npp/.rvm/gems/ruby-2.6.3/gems/fastlane-2.143.0/fastlane/lib/fastlane/runner.rb:45:in `chdir'&#10;/Users/npp/.rvm/gems/ruby-2.6.3/gems/fastlane-2.143.0/fastlane/lib/fastlane/runner.rb:45:in `execute'&#10;/Users/npp/.rvm/gems/ruby-2.6.3/gems/fastlane-2.143.0/fastlane/lib/fastlane/lane_manager.rb:56:in `cruise_lane'&#10;/Users/npp/.rvm/gems/ruby-2.6.3/gems/fastlane-2.143.0/fastlane/lib/fastlane/command_line_handler.rb:36:in `handle'&#10;/Users/npp/.rvm/gems/ruby-2.6.3/gems/fastlane-2.143.0/fastlane/lib/fastlane/commands_generator.rb:108:in `block (2 levels) in run'&#10;/Users/npp/.rvm/rubies/ruby-2.6.3/lib/ruby/gems/2.6.0/gems/commander-fastlane-4.4.6/lib/commander/command.rb:178:in `call'&#10;/Users/npp/.rvm/rubies/ruby-2.6.3/lib/ruby/gems/2.6.0/gems/commander-fastlane-4.4.6/lib/commander/command.rb:153:in `run'&#10;/Users/npp/.rvm/rubies/ruby-2.6.3/lib/ruby/gems/2.6.0/gems/commander-fastlane-4.4.6/lib/commander/runner.rb:476:in `run_active_command'&#10;/Users/npp/.rvm/gems/ruby-2.6.3/gems/fastlane-2.143.0/fastlane_core/lib/fastlane_core/ui/fastlane_runner.rb:76:in `run!'&#10;/Users/npp/.rvm/rubies/ruby-2.6.3/lib/ruby/gems/2.6.0/gems/commander-fastlane-4.4.6/lib/commander/delegates.rb:15:in `run!'&#10;/Users/npp/.rvm/gems/ruby-2.6.3/gems/fastlane-2.143.0/fastlane/lib/fastlane/commands_generator.rb:349:in `run'&#10;/Users/npp/.rvm/gems/ruby-2.6.3/gems/fastlane-2.143.0/fastlane/lib/fastlane/commands_generator.rb:41:in `start'&#10;/Users/npp/.rvm/gems/ruby-2.6.3/gems/fastlane-2.143.0/fastlane/lib/fastlane/cli_tools_distributor.rb:119:in `take_off'&#10;/Users/npp/.rvm/gems/ruby-2.6.3/gems/fastlane-2.143.0/bin/fastlane:23:in `&lt;top (required)&gt;'&#10;/Users/npp/.rvm/gems/ruby-2.6.3/bin/fastlane:23:in `load'&#10;/Users/npp/.rvm/gems/ruby-2.6.3/bin/fastlane:23:in `&lt;main&gt;'&#10;/Users/npp/.rvm/gems/ruby-2.6.3/bin/ruby_executable_hooks:24:in `eval'&#10;/Users/npp/.rvm/gems/ruby-2.6.3/bin/ruby_executable_hooks:24:in `&lt;main&gt;'&#10;&#10;Exit status of command 'bundle exec pod lib lint WZPayment.podspec --allow-warnings --skip-import-validation' was 1 instead of 0.&#10;&#10; -&gt; WZPayment -&gt; WZPayment (0.1.2)&#10;    - WARN  | url: There was a problem validating the URL https://github.com/qiuqixiang/WZPayment.git.&#10;    - ERROR | [iOS] xcodebuild: Returned an unsuccessful exit code. You can use `--verbose` for more information.&#10;    - NOTE  | xcodebuild:  note: Using new build system&#10;    - NOTE  | xcodebuild:  note: Building targets in parallel&#10;    - NOTE  | [iOS] xcodebuild:  note: Planning build&#10;    - NOTE  | [iOS] xcodebuild:  note: Constructing build description&#10;    - NOTE  | [iOS] xcodebuild:  note: Execution policy exception registration failed and was skipped: Error Domain=NSPOSIXErrorDomain Code=1 &quot;Operation not permitted&quot; (in target 'KeychainAccess' from project 'Pods')&#10;    - ERROR | xcodebuild:  /Users/npp/Desktop/WZiOSKit/WZPayment/WZPayment/Classes/WZPaymentStore.swift:41:21: error: property cannot be declared public because its type uses an internal type&#10;    - NOTE  | xcodebuild:  /Users/npp/Desktop/WZiOSKit/WZPayment/WZPayment/Classes/WZPaymentStore.swift:261:13: note: type declared here&#10;&#10;[!] WZPayment did not pass validation, due to 2 errors.&#10;You can use the `--no-clean` option to inspect any issue.&#10;" />
        
      </testcase>
    
  </testsuite>
</testsuites>
